<?xml version="1.0" encoding="UTF-8"?>
<!-- Generated by org.testng.reporters.JUnitReportReporter -->
<testsuite hostname="AMISHA123" failures="0" tests="2" name="PACKAGE.trello_board" time="5.607" errors="0" timestamp="2023-11-20T21:00:08 IST" skipped="0">
  <testcase classname="PACKAGE.trello_board" name="createBoard" time="3.904"/>
  <system-out/>
  <testcase classname="PACKAGE.trello_board" name="deleteBoard" time="1.703"/>
  <system-out/>
</testsuite> <!-- PACKAGE.trello_board -->
